<?xml version="1.0" encoding="UTF-8"?>
<testng-results skipped="0" failed="0" ignored="0" total="1" passed="1">
  <reporter-output>
  </reporter-output>
  <suite name="Default suite" duration-ms="86185" started-at="2019-01-09T11:24:17Z" finished-at="2019-01-09T11:25:43Z">
    <groups>
    </groups>
    <test name="Default test" duration-ms="86185" started-at="2019-01-09T11:24:17Z" finished-at="2019-01-09T11:25:43Z">
      <class name="com.training.sanity.tests.RETC_001_REGISTER">
        <test-method status="PASS" signature="beforeClass()[pri:0, instance:com.training.sanity.tests.RETC_001_REGISTER@47c62251]" name="beforeClass" is-config="true" duration-ms="30" started-at="2019-01-09T11:24:17Z" finished-at="2019-01-09T11:24:17Z">
          <reporter-output>
          </reporter-output>
        </test-method> <!-- beforeClass -->
        <test-method status="PASS" signature="beforeMethod()[pri:0, instance:com.training.sanity.tests.RETC_001_REGISTER@47c62251]" name="beforeMethod" is-config="true" duration-ms="60850" started-at="2019-01-09T11:24:17Z" finished-at="2019-01-09T11:25:18Z">
          <reporter-output>
          </reporter-output>
        </test-method> <!-- beforeMethod -->
        <test-method status="PASS" signature="validRETC_001_REGISTER()[pri:0, instance:com.training.sanity.tests.RETC_001_REGISTER@47c62251]" name="validRETC_001_REGISTER" duration-ms="19215" started-at="2019-01-09T11:25:18Z" finished-at="2019-01-09T11:25:37Z">
          <reporter-output>
          </reporter-output>
        </test-method> <!-- validRETC_001_REGISTER -->
        <test-method status="PASS" signature="tearDown()[pri:0, instance:com.training.sanity.tests.RETC_001_REGISTER@47c62251]" name="tearDown" is-config="true" duration-ms="6059" started-at="2019-01-09T11:25:37Z" finished-at="2019-01-09T11:25:43Z">
          <reporter-output>
          </reporter-output>
        </test-method> <!-- tearDown -->
      </class> <!-- com.training.sanity.tests.RETC_001_REGISTER -->
    </test> <!-- Default test -->
  </suite> <!-- Default suite -->
</testng-results>
